{
  "stats": {
    "suites": 1,
    "tests": 1,
    "passes": 1,
    "pending": 0,
    "failures": 0,
    "start": "2025-01-17T09:40:50.620Z",
    "end": "2025-01-17T09:41:09.047Z",
    "duration": 18427,
    "testsRegistered": 1,
    "passPercent": 100,
    "pendingPercent": 0,
    "other": 0,
    "hasOther": false,
    "skipped": 0,
    "hasSkipped": false
  },
  "results": [
    {
      "uuid": "e5e3bf2b-039b-498d-b675-d80c1ca94796",
      "title": "",
      "fullFile": "cypress\\e2e\\formulaire.cy.js",
      "file": "cypress\\e2e\\formulaire.cy.js",
      "beforeHooks": [],
      "afterHooks": [],
      "tests": [],
      "suites": [
        {
          "uuid": "4e9a44af-c20c-4dba-8e74-c815c7ce2d47",
          "title": "Remplissage dynamique du formulaire Campus France",
          "fullFile": "",
          "file": "",
          "beforeHooks": [],
          "afterHooks": [],
          "tests": [
            {
              "title": "Formulaire pour chaque utilisateur",
              "fullTitle": "Remplissage dynamique du formulaire Campus France Formulaire pour chaque utilisateur",
              "timedOut": null,
              "duration": 15582,
              "state": "passed",
              "speed": "slow",
              "pass": true,
              "fail": false,
              "pending": false,
              "context": null,
              "code": "// Parcourir chaque jeu de données utilisateur\nthis.usersData.forEach(userData => {\n  cy.visit('https://www.campusfrance.org/fr/user/register');\n  // Accepter les cookies\n  cy.get('#tarteaucitronPersonalize2').click();\n  // Remplir les champs du formulaire avec les données JSON\n  cy.get('.username[id=\"edit-name\"]').type(userData.email); // Adresse e-mail\n  cy.get('.password-field[id=\"edit-pass-pass1\"]').type(userData.password); // Mot de passe\n  cy.get('.password-confirm[id=\"edit-pass-pass2\"]').type(userData.confirmPassword); // Confirmation mot de passe\n  // Cliquer sur la civilité en utilisant le label associé\n  cy.get('label[for=\"edit-field-civilite-mr\"]').click();\n  // Remplir le nom et prénom\n  cy.get('#edit-field-nom-0-value').type(userData.nom);\n  cy.get('#edit-field-prenom-0-value').type(userData.prenom);\n  // Sélectionner le pays\n  cy.get('div input[id=\"edit-field-pays-concernes-selectized\"]').click();\n  cy.get('div .option[data-value=\"78\"]').click();\n  // Remplir les autres informations\n  cy.get('#edit-field-nationalite-0-target-id').should('be.visible').type('France');\n  cy.get('#ui-id-4').click();\n  cy.get('#edit-field-code-postal-0-value').type(userData.codePostal);\n  cy.get('#edit-field-ville-0-value').type(userData.ville);\n  cy.get('#edit-field-telephone-0-value').type(userData.telephone);\n  // Sélectionner l'étudiant\n  cy.get('#edit-field-publics-cibles-2').scrollIntoView() // Faire défiler l'élément dans la vue\n  .click({\n    force: true\n  }); // Forcer le clic, si nécessaire\n  // Sélectionner le domaine\n  cy.xpath('//*[@id=\"edit-field-domaine-etudes-wrapper\"]/div/div/div[1]/div').click();\n  // Sélectionner l'option du domaine\n  cy.xpath(`//*[@id=\"edit-field-domaine-etudes-wrapper\"]//div[text()=\"${userData.domaineEtudes}\"]`).click();\n  // Sélectionner le niveau d'études\n  cy.xpath('//*[@id=\"edit-field-niveaux-etude-wrapper\"]/div/div/div[1]/div').click();\n  cy.xpath(`//*[@id=\"edit-field-niveaux-etude-wrapper\"]//div[text()=\"${userData.niveauEtudes}\"]`).click();\n  // Accepter les conditions générales\n  cy.get('#edit-field-accepte-communications-value').scrollIntoView() // Faire défiler l'élément pour s'assurer qu'il est visible\n  .click({\n    force: true\n  }); // Forcer le clic pour contourner les problèmes de visibilité\n  // Attendre que le bouton \"Créer un compte\" soit visible, puis vérifier le texte\n  cy.get('#edit-actions').should('be.visible').contains('Créer un compte');\n});",
              "err": {},
              "uuid": "1be609c3-b99e-41d3-98ef-2475ea5f1739",
              "parentUUID": "4e9a44af-c20c-4dba-8e74-c815c7ce2d47",
              "isHook": false,
              "skipped": false
            }
          ],
          "suites": [],
          "passes": [
            "1be609c3-b99e-41d3-98ef-2475ea5f1739"
          ],
          "failures": [],
          "pending": [],
          "skipped": [],
          "duration": 15582,
          "root": false,
          "rootEmpty": false,
          "_timeout": 2000
        }
      ],
      "passes": [],
      "failures": [],
      "pending": [],
      "skipped": [],
      "duration": 0,
      "root": true,
      "rootEmpty": true,
      "_timeout": 2000
    }
  ],
  "meta": {
    "mocha": {
      "version": "7.0.1"
    },
    "mochawesome": {
      "options": {
        "quiet": false,
        "reportFilename": "mochawesome",
        "saveHtml": true,
        "saveJson": true,
        "consoleReporter": "spec",
        "useInlineDiffs": false,
        "code": true
      },
      "version": "7.1.3"
    },
    "marge": {
      "options": {
        "reportDir": "cypress/reports",
        "overwrite": true,
        "html": true,
        "json": true
      },
      "version": "6.2.0"
    }
  }
}